Using pre-set license
Built from '2020.3/staging' branch; Version is '2020.3.6f1 (338bb68529b2) revision 3378102'; Using compiler version '192528614'; Build Type 'Release'
OS: 'Windows 10 Pro; OS build 19042.1165; Version 2009; 64bit' Language: 'pt' Physical Memory: 32614 MB
BatchMode: 1, IsHumanControllingUs: 0, StartBugReporterOnCrash: 0, Is64bit: 1, IsPro: 0

 COMMAND LINE ARGUMENTS:
C:\Program Files\Unity\Hub\Editor\2020.3.6f1\Editor\Unity.exe
-adb2
-batchMode
-noUpm
-name
AssetImportWorker0
-projectPath
C:/Users/fabri/OneDrive/Documentos/Graduação [UEA-EST]/LUDUS/Cursos da Alura/Unity Mobile/Alura_UnityMobile-ProjetoInicial
-logFile
Logs/AssetImportWorker0.log
-srvPort
52560
Successfully changed project path to: C:/Users/fabri/OneDrive/Documentos/Graduação [UEA-EST]/LUDUS/Cursos da Alura/Unity Mobile/Alura_UnityMobile-ProjetoInicial
C:/Users/fabri/OneDrive/Documentos/Graduação [UEA-EST]/LUDUS/Cursos da Alura/Unity Mobile/Alura_UnityMobile-ProjetoInicial
Using Asset Import Pipeline V2.
Refreshing native plugins compatible for Editor in 41.89 ms, found 0 plugins.
Preloading 0 native plugins for Editor in 0.00 ms.
Initialize engine version: 2020.3.6f1 (338bb68529b2)
[Subsystems] Discovering subsystems at path C:/Program Files/Unity/Hub/Editor/2020.3.6f1/Editor/Data/Resources/UnitySubsystems
[Subsystems] Discovering subsystems at path C:/Users/fabri/OneDrive/Documentos/Graduação [UEA-EST]/LUDUS/Cursos da Alura/Unity Mobile/Alura_UnityMobile-ProjetoInicial/Assets
GfxDevice: creating device client; threaded=0
Direct3D:
    Version:  Direct3D 11.0 [level 11.1]
    Renderer: NVIDIA GeForce GTX 1660 Ti (ID=0x2191)
    Vendor:   
    VRAM:     5991 MB
    Driver:   30.0.14.7196
Initialize mono
Mono path[0] = 'C:/Program Files/Unity/Hub/Editor/2020.3.6f1/Editor/Data/Managed'
Mono path[1] = 'C:/Program Files/Unity/Hub/Editor/2020.3.6f1/Editor/Data/MonoBleedingEdge/lib/mono/unityjit'
Mono config path = 'C:/Program Files/Unity/Hub/Editor/2020.3.6f1/Editor/Data/MonoBleedingEdge/etc'
Using monoOptions --debugger-agent=transport=dt_socket,embedding=1,server=y,suspend=n,address=127.0.0.1:56504
Begin MonoManager ReloadAssembly
Registering precompiled unity dll's ...
Register platform support module: C:/Program Files/Unity/Hub/Editor/2020.3.6f1/Editor/Data/PlaybackEngines/WebGLSupport/UnityEditor.WebGL.Extensions.dll
Register platform support module: C:/Program Files/Unity/Hub/Editor/2020.3.6f1/Editor/Data/PlaybackEngines/WindowsStandaloneSupport/UnityEditor.WindowsStandalone.Extensions.dll
Registered in 0.002142 seconds.
Native extension for WindowsStandalone target not found
Native extension for WebGL target not found
Refreshing native plugins compatible for Editor in 35.15 ms, found 0 plugins.
Preloading 0 native plugins for Editor in 0.00 ms.
Mono: successfully reloaded assembly
- Completed reload, in  1.793 seconds
Platform modules already initialized, skipping
Registering precompiled user dll's ...
Registered in 0.001984 seconds.
Begin MonoManager ReloadAssembly
Native extension for WindowsStandalone target not found
Native extension for WebGL target not found
Refreshing native plugins compatible for Editor in 0.42 ms, found 0 plugins.
Preloading 0 native plugins for Editor in 0.00 ms.
Mono: successfully reloaded assembly
- Completed reload, in  0.842 seconds
Platform modules already initialized, skipping
========================================================================
Worker process is ready to serve import requests
Launched and connected shader compiler UnityShaderCompiler.exe after 0.04 seconds
Refreshing native plugins compatible for Editor in 0.43 ms, found 0 plugins.
Preloading 0 native plugins for Editor in 0.00 ms.
Unloading 1652 Unused Serialized files (Serialized files now loaded: 0)
System memory in use before: 71.6 MB.
System memory in use after: 71.6 MB.

Unloading 42 unused Assets to reduce memory usage. Loaded Objects now: 2073.
Total: 5.368600 ms (FindLiveObjects: 0.456300 ms CreateObjectMapping: 0.148700 ms MarkObjects: 4.697700 ms  DeleteObjects: 0.063600 ms)

========================================================================
Received Import Request.
  path: Assets/Cenas/jogo.unity
  artifactKey: Guid(c37a36b7c0bde2a45ac10e394579c2eb) Importer(815301076,1909f56bfc062723c751e8b465ee728b)
Start importing Assets/Cenas/jogo.unity using Guid(c37a36b7c0bde2a45ac10e394579c2eb) Importer(815301076,1909f56bfc062723c751e8b465ee728b)  -> (artifact id: '515fd70dca48aa8dd864a9a58caa2509') in 0.016427 seconds
  Import took 0.018673 seconds .

AssetImportWorkerClient::OnTransportError - code=2 error=End of file
