Using pre-set license
Built from '2020.3/staging' branch; Version is '2020.3.6f1 (338bb68529b2) revision 3378102'; Using compiler version '192528614'; Build Type 'Release'
OS: 'Windows 10 Pro; OS build 19042.1165; Version 2009; 64bit' Language: 'pt' Physical Memory: 32614 MB
BatchMode: 1, IsHumanControllingUs: 0, StartBugReporterOnCrash: 0, Is64bit: 1, IsPro: 0

 COMMAND LINE ARGUMENTS:
C:\Program Files\Unity\Hub\Editor\2020.3.6f1\Editor\Unity.exe
-adb2
-batchMode
-noUpm
-name
AssetImportWorker0
-projectPath
C:/Users/fabri/OneDrive/Documentos/Graduação [UEA-EST]/LUDUS/Cursos da Alura/Unity Mobile/Alura_UnityMobile-ProjetoInicial
-logFile
Logs/AssetImportWorker0.log
-srvPort
55973
Successfully changed project path to: C:/Users/fabri/OneDrive/Documentos/Graduação [UEA-EST]/LUDUS/Cursos da Alura/Unity Mobile/Alura_UnityMobile-ProjetoInicial
C:/Users/fabri/OneDrive/Documentos/Graduação [UEA-EST]/LUDUS/Cursos da Alura/Unity Mobile/Alura_UnityMobile-ProjetoInicial
Using Asset Import Pipeline V2.
Refreshing native plugins compatible for Editor in 46.31 ms, found 0 plugins.
Preloading 0 native plugins for Editor in 0.00 ms.
Initialize engine version: 2020.3.6f1 (338bb68529b2)
[Subsystems] Discovering subsystems at path C:/Program Files/Unity/Hub/Editor/2020.3.6f1/Editor/Data/Resources/UnitySubsystems
[Subsystems] Discovering subsystems at path C:/Users/fabri/OneDrive/Documentos/Graduação [UEA-EST]/LUDUS/Cursos da Alura/Unity Mobile/Alura_UnityMobile-ProjetoInicial/Assets
GfxDevice: creating device client; threaded=0
Direct3D:
    Version:  Direct3D 11.0 [level 11.1]
    Renderer: NVIDIA GeForce GTX 1660 Ti (ID=0x2191)
    Vendor:   
    VRAM:     5991 MB
    Driver:   30.0.14.7196
Initialize mono
Mono path[0] = 'C:/Program Files/Unity/Hub/Editor/2020.3.6f1/Editor/Data/Managed'
Mono path[1] = 'C:/Program Files/Unity/Hub/Editor/2020.3.6f1/Editor/Data/MonoBleedingEdge/lib/mono/unityjit'
Mono config path = 'C:/Program Files/Unity/Hub/Editor/2020.3.6f1/Editor/Data/MonoBleedingEdge/etc'
Using monoOptions --debugger-agent=transport=dt_socket,embedding=1,server=y,suspend=n,address=127.0.0.1:56620
Begin MonoManager ReloadAssembly
Registering precompiled unity dll's ...
Register platform support module: C:/Program Files/Unity/Hub/Editor/2020.3.6f1/Editor/Data/PlaybackEngines/WebGLSupport/UnityEditor.WebGL.Extensions.dll
Register platform support module: C:/Program Files/Unity/Hub/Editor/2020.3.6f1/Editor/Data/PlaybackEngines/WindowsStandaloneSupport/UnityEditor.WindowsStandalone.Extensions.dll
Registered in 0.002965 seconds.
Native extension for WindowsStandalone target not found
Native extension for WebGL target not found
Refreshing native plugins compatible for Editor in 48.93 ms, found 0 plugins.
Preloading 0 native plugins for Editor in 0.00 ms.
Mono: successfully reloaded assembly
- Completed reload, in  2.253 seconds
Platform modules already initialized, skipping
Registering precompiled user dll's ...
Registered in 0.002803 seconds.
Begin MonoManager ReloadAssembly
Native extension for WindowsStandalone target not found
Native extension for WebGL target not found
Refreshing native plugins compatible for Editor in 0.41 ms, found 0 plugins.
Preloading 0 native plugins for Editor in 0.00 ms.
Mono: successfully reloaded assembly
- Completed reload, in  0.999 seconds
Platform modules already initialized, skipping
========================================================================
Worker process is ready to serve import requests
Launched and connected shader compiler UnityShaderCompiler.exe after 0.07 seconds
Refreshing native plugins compatible for Editor in 0.63 ms, found 0 plugins.
Preloading 0 native plugins for Editor in 0.00 ms.
Unloading 1652 Unused Serialized files (Serialized files now loaded: 0)
System memory in use before: 71.6 MB.
System memory in use after: 71.7 MB.

Unloading 42 unused Assets to reduce memory usage. Loaded Objects now: 2073.
Total: 5.660500 ms (FindLiveObjects: 0.245800 ms CreateObjectMapping: 0.102300 ms MarkObjects: 5.169300 ms  DeleteObjects: 0.142200 ms)

========================================================================
Received Import Request.
  path: Assets/Cenas/Menu.unity
  artifactKey: Guid(d70149abb46020a4082ebb007df6bf33) Importer(815301076,1909f56bfc062723c751e8b465ee728b)
Start importing Assets/Cenas/Menu.unity using Guid(d70149abb46020a4082ebb007df6bf33) Importer(815301076,1909f56bfc062723c751e8b465ee728b)  -> (artifact id: '49abf5faa1ad080680968fd57ff1101a') in 0.032402 seconds
  Import took 0.036794 seconds .

========================================================================
Received Import Request.
  Time since last request: 0.005286 seconds.
  path: Assets/Cenas/Menu.unity
  artifactKey: Guid(d70149abb46020a4082ebb007df6bf33) Importer(815301076,1909f56bfc062723c751e8b465ee728b)
Start importing Assets/Cenas/Menu.unity using Guid(d70149abb46020a4082ebb007df6bf33) Importer(815301076,1909f56bfc062723c751e8b465ee728b)  -> (artifact id: '49abf5faa1ad080680968fd57ff1101a') in 0.004506 seconds
  Import took 0.008076 seconds .

========================================================================
Received Prepare
Registering precompiled user dll's ...
Registered in 0.002858 seconds.
Begin MonoManager ReloadAssembly
Native extension for WindowsStandalone target not found
Native extension for WebGL target not found
Refreshing native plugins compatible for Editor in 0.49 ms, found 0 plugins.
Preloading 0 native plugins for Editor in 0.00 ms.
Mono: successfully reloaded assembly
- Completed reload, in  0.842 seconds
Platform modules already initialized, skipping
Refreshing native plugins compatible for Editor in 0.49 ms, found 0 plugins.
Preloading 0 native plugins for Editor in 0.00 ms.
Unloading 1646 Unused Serialized files (Serialized files now loaded: 0)
System memory in use before: 71.4 MB.
System memory in use after: 71.5 MB.

Unloading 33 unused Assets to reduce memory usage. Loaded Objects now: 2076.
Total: 5.560200 ms (FindLiveObjects: 0.221100 ms CreateObjectMapping: 0.067800 ms MarkObjects: 5.251400 ms  DeleteObjects: 0.019200 ms)

AssetImportWorkerClient::OnTransportError - code=2 error=End of file
